<?xml version="1.0" encoding="UTF-8"?>
<!-- Generated by org.testng.reporters.JUnitReportReporter -->
<testsuite hostname="edureka-VirtualBox" name="example.NewTest" tests="1" failures="1" timestamp="13 Sep 2018 08:47:01 GMT" time="0.011" errors="0">
  <testcase name="testEasy" time="0.011" classname="example.NewTest">
    <failure type="org.openqa.selenium.WebDriverException" message="Failed to connect to binary FirefoxBinary(/usr/bin/firefox) on port 7055; process output follows: 
s.xpi	DEBUG	shutdown
1536828377880	addons.xpi-utils	DEBUG	shutdown
1536828377880	addons.manager	DEBUG	Calling shutdown blocker for LightweightThemeManager
1536828377880	addons.manager	DEBUG	Calling shutdown blocker for GMPProvider
1536828377881	addons.manager	DEBUG	Calling shutdown blocker for PluginProvider
1536828377881	DeferredSave.extensions.json	DEBUG	Flush called while data is dirty
1536828377882	DeferredSave.webext.sc.lz4	DEBUG	Flush called while data is dirty
1536828377883	DeferredSave.extensions.json	DEBUG	Starting write
1536828377883	DeferredSave.webext.sc.lz4	DEBUG	Starting write
JavaScript error: resource://gre/modules/DeferredSave.jsm, line 223: TypeError: pending is null
JavaScript error: resource://gre/modules/JSONFile.jsm, line 158: Error: Data is not ready.
1536828377920	addons.repository	DEBUG	No addons.json found.
1536828377920	DeferredSave.addons.json	DEBUG	Save changes
1536828377922	DeferredSave.addons.json	DEBUG	Flush called while data is dirty
1536828377923	DeferredSave.addons.json	DEBUG	Starting write
1536828377944	addons.manager	DEBUG	Starting provider: PreviousExperimentProvider
1536828377944	addons.manager	DEBUG	Registering shutdown blocker for PreviousExperimentProvider
1536828377944	addons.manager	DEBUG	Provider finished startup: PreviousExperimentProvider
1536828377945	addons.manager	DEBUG	Calling shutdown blocker for PreviousExperimentProvider
Extension error: Data is not ready. resource://gre/modules/JSONFile.jsm:158 :: get data@resource://gre/modules/JSONFile.jsm:158:13
_get@resource://gre/modules/ExtensionPermissions.jsm:61:9
observe@resource://gre/modules/AsyncShutdown.jsm:534:9

console.error: 
  Message: Error: Data is not ready.
  Stack:
    get data@resource://gre/modules/JSONFile.jsm:158:13
_get@resource://gre/modules/ExtensionPermissions.jsm:61:9
observe@resource://gre/modules/AsyncShutdown.jsm:534:9

1536828377955	DeferredSave.extensions.json	DEBUG	Write succeeded
1536828377955	addons.xpi-utils	DEBUG	XPI Database saved, setting schema version preference to 23
1536828377956	DeferredSave.webext.sc.lz4	DEBUG	Write succeeded
1536828377961	DeferredSave.addons.json	DEBUG	Write succeeded
WARNING: At least one completion condition is taking too long to complete. Conditions: [{&quot;name&quot;:&quot;EnvironmentAddonBuilder&quot;,&quot;state&quot;:&quot;(none)&quot;,&quot;filename&quot;:&quot;resource://gre/modules/TelemetryEnvironment.jsm&quot;,&quot;lineNumber&quot;:507,&quot;stack&quot;:[&quot;resource://gre/modules/TelemetryEnvironment.jsm:init:507&quot;,&quot;resource://gre/modules/TelemetryEnvironment.jsm:EnvironmentCache:869&quot;,&quot;resource://gre/modules/TelemetryEnvironment.jsm:getGlobal:63&quot;,&quot;resource://gre/modules/TelemetryEnvironment.jsm:get currentEnvironment:70&quot;,&quot;jar:file:///usr/lib/firefox/omni.ja!/components/TelemetryStartup.js:annotateEnvironment:42&quot;,&quot;jar:file:///usr/lib/firefox/omni.ja!/components/TelemetryStartup.js:TelemetryStartup.prototype.observe:32&quot;]}] Barrier: AddonManager: Waiting for providers to shut down.
WARNING: At least one completion condition is taking too long to complete. Conditions: [{&quot;name&quot;:&quot;AddonManager: shutting down.&quot;,&quot;state&quot;:[{&quot;name&quot;:&quot;AddonManager: Waiting for providers to shut down.&quot;,&quot;state&quot;:[{&quot;name&quot;:&quot;EnvironmentAddonBuilder&quot;,&quot;state&quot;:&quot;(none)&quot;,&quot;filename&quot;:&quot;resource://gre/modules/TelemetryEnvironment.jsm&quot;,&quot;lineNumber&quot;:507,&quot;stack&quot;:[&quot;resource://gre/modules/TelemetryEnvironment.jsm:init:507&quot;,&quot;resource://gre/modules/TelemetryEnvironment.jsm:EnvironmentCache:869&quot;,&quot;resource://gre/modules/TelemetryEnvironment.jsm:getGlobal:63&quot;,&quot;resource://gre/modules/TelemetryEnvironment.jsm:get currentEnvironment:70&quot;,&quot;jar:file:///usr/lib/firefox/omni.ja!/components/TelemetryStartup.js:annotateEnvironment:42&quot;,&quot;jar:file:///usr/lib/firefox/omni.ja!/components/TelemetryStartup.js:TelemetryStartup.prototype.observe:32&quot;]}]},{&quot;name&quot;:&quot;AddonRepository: async shutdown&quot;,&quot;state&quot;:&quot;pending&quot;}],&quot;filename&quot;:&quot;resource://gre/modules/AddonManager.jsm&quot;,&quot;lineNumber&quot;:889,&quot;stack&quot;:[&quot;resource://gre/modules/AddonManager.jsm:startup:889&quot;,&quot;resource://gre/modules/AddonManager.jsm:startup:3081&quot;,&quot;jar:file:///usr/lib/firefox/omni.ja!/components/addonManager.js:observe:65&quot;]}] Barrier: profile-before-change

Build info: version: &#039;2.45.0&#039;, revision: &#039;5017cb8e7ca8e37638dc3091b2440b90a1d8686f&#039;, time: &#039;2015-02-27 09:10:26&#039;
System info: host: &#039;edureka-VirtualBox&#039;, ip: &#039;127.0.1.1&#039;, os.name: &#039;Linux&#039;, os.arch: &#039;amd64&#039;, os.version: &#039;4.13.0-21-generic&#039;, java.version: &#039;1.8.0_171&#039;
Driver info: driver.version: FirefoxDriver">
      <![CDATA[org.openqa.selenium.WebDriverException: Failed to connect to binary FirefoxBinary(/usr/bin/firefox) on port 7055; process output follows: 
s.xpi	DEBUG	shutdown
1536828377880	addons.xpi-utils	DEBUG	shutdown
1536828377880	addons.manager	DEBUG	Calling shutdown blocker for LightweightThemeManager
1536828377880	addons.manager	DEBUG	Calling shutdown blocker for GMPProvider
1536828377881	addons.manager	DEBUG	Calling shutdown blocker for PluginProvider
1536828377881	DeferredSave.extensions.json	DEBUG	Flush called while data is dirty
1536828377882	DeferredSave.webext.sc.lz4	DEBUG	Flush called while data is dirty
1536828377883	DeferredSave.extensions.json	DEBUG	Starting write
1536828377883	DeferredSave.webext.sc.lz4	DEBUG	Starting write
JavaScript error: resource://gre/modules/DeferredSave.jsm, line 223: TypeError: pending is null
JavaScript error: resource://gre/modules/JSONFile.jsm, line 158: Error: Data is not ready.
1536828377920	addons.repository	DEBUG	No addons.json found.
1536828377920	DeferredSave.addons.json	DEBUG	Save changes
1536828377922	DeferredSave.addons.json	DEBUG	Flush called while data is dirty
1536828377923	DeferredSave.addons.json	DEBUG	Starting write
1536828377944	addons.manager	DEBUG	Starting provider: PreviousExperimentProvider
1536828377944	addons.manager	DEBUG	Registering shutdown blocker for PreviousExperimentProvider
1536828377944	addons.manager	DEBUG	Provider finished startup: PreviousExperimentProvider
1536828377945	addons.manager	DEBUG	Calling shutdown blocker for PreviousExperimentProvider
Extension error: Data is not ready. resource://gre/modules/JSONFile.jsm:158 :: get data@resource://gre/modules/JSONFile.jsm:158:13
_get@resource://gre/modules/ExtensionPermissions.jsm:61:9
observe@resource://gre/modules/AsyncShutdown.jsm:534:9

console.error: 
  Message: Error: Data is not ready.
  Stack:
    get data@resource://gre/modules/JSONFile.jsm:158:13
_get@resource://gre/modules/ExtensionPermissions.jsm:61:9
observe@resource://gre/modules/AsyncShutdown.jsm:534:9

1536828377955	DeferredSave.extensions.json	DEBUG	Write succeeded
1536828377955	addons.xpi-utils	DEBUG	XPI Database saved, setting schema version preference to 23
1536828377956	DeferredSave.webext.sc.lz4	DEBUG	Write succeeded
1536828377961	DeferredSave.addons.json	DEBUG	Write succeeded
WARNING: At least one completion condition is taking too long to complete. Conditions: [{"name":"EnvironmentAddonBuilder","state":"(none)","filename":"resource://gre/modules/TelemetryEnvironment.jsm","lineNumber":507,"stack":["resource://gre/modules/TelemetryEnvironment.jsm:init:507","resource://gre/modules/TelemetryEnvironment.jsm:EnvironmentCache:869","resource://gre/modules/TelemetryEnvironment.jsm:getGlobal:63","resource://gre/modules/TelemetryEnvironment.jsm:get currentEnvironment:70","jar:file:///usr/lib/firefox/omni.ja!/components/TelemetryStartup.js:annotateEnvironment:42","jar:file:///usr/lib/firefox/omni.ja!/components/TelemetryStartup.js:TelemetryStartup.prototype.observe:32"]}] Barrier: AddonManager: Waiting for providers to shut down.
WARNING: At least one completion condition is taking too long to complete. Conditions: [{"name":"AddonManager: shutting down.","state":[{"name":"AddonManager: Waiting for providers to shut down.","state":[{"name":"EnvironmentAddonBuilder","state":"(none)","filename":"resource://gre/modules/TelemetryEnvironment.jsm","lineNumber":507,"stack":["resource://gre/modules/TelemetryEnvironment.jsm:init:507","resource://gre/modules/TelemetryEnvironment.jsm:EnvironmentCache:869","resource://gre/modules/TelemetryEnvironment.jsm:getGlobal:63","resource://gre/modules/TelemetryEnvironment.jsm:get currentEnvironment:70","jar:file:///usr/lib/firefox/omni.ja!/components/TelemetryStartup.js:annotateEnvironment:42","jar:file:///usr/lib/firefox/omni.ja!/components/TelemetryStartup.js:TelemetryStartup.prototype.observe:32"]}]},{"name":"AddonRepository: async shutdown","state":"pending"}],"filename":"resource://gre/modules/AddonManager.jsm","lineNumber":889,"stack":["resource://gre/modules/AddonManager.jsm:startup:889","resource://gre/modules/AddonManager.jsm:startup:3081","jar:file:///usr/lib/firefox/omni.ja!/components/addonManager.js:observe:65"]}] Barrier: profile-before-change

Build info: version: '2.45.0', revision: '5017cb8e7ca8e37638dc3091b2440b90a1d8686f', time: '2015-02-27 09:10:26'
System info: host: 'edureka-VirtualBox', ip: '127.0.1.1', os.name: 'Linux', os.arch: 'amd64', os.version: '4.13.0-21-generic', java.version: '1.8.0_171'
Driver info: driver.version: FirefoxDriver
	at org.openqa.selenium.firefox.internal.NewProfileExtensionConnection.start(NewProfileExtensionConnection.java:134)
	at org.openqa.selenium.firefox.FirefoxDriver.startClient(FirefoxDriver.java:246)
	at org.openqa.selenium.remote.RemoteWebDriver.<init>(RemoteWebDriver.java:114)
	at org.openqa.selenium.firefox.FirefoxDriver.<init>(FirefoxDriver.java:191)
	at org.openqa.selenium.firefox.FirefoxDriver.<init>(FirefoxDriver.java:186)
	at org.openqa.selenium.firefox.FirefoxDriver.<init>(FirefoxDriver.java:182)
	at org.openqa.selenium.firefox.FirefoxDriver.<init>(FirefoxDriver.java:95)
	at example.NewTest.beforeTest(NewTest.java:19)
	at sun.reflect.NativeMethodAccessorImpl.invoke0(Native Method)
	at sun.reflect.NativeMethodAccessorImpl.invoke(NativeMethodAccessorImpl.java:62)
	at sun.reflect.DelegatingMethodAccessorImpl.invoke(DelegatingMethodAccessorImpl.java:43)
	at java.lang.reflect.Method.invoke(Method.java:498)
	at org.testng.internal.MethodInvocationHelper.invokeMethod(MethodInvocationHelper.java:80)
	at org.testng.internal.Invoker.invokeConfigurationMethod(Invoker.java:564)
	at org.testng.internal.Invoker.invokeConfigurations(Invoker.java:213)
	at org.testng.internal.Invoker.invokeConfigurations(Invoker.java:138)
	at org.testng.TestRunner.beforeRun(TestRunner.java:641)
	at org.testng.TestRunner.run(TestRunner.java:609)
	at org.testng.SuiteRunner.runTest(SuiteRunner.java:334)
	at org.testng.SuiteRunner.runSequentially(SuiteRunner.java:329)
	at org.testng.SuiteRunner.privateRun(SuiteRunner.java:291)
	at org.testng.SuiteRunner.run(SuiteRunner.java:240)
	at org.testng.SuiteRunnerWorker.runSuite(SuiteRunnerWorker.java:52)
	at org.testng.SuiteRunnerWorker.run(SuiteRunnerWorker.java:86)
	at org.testng.TestNG.runSuitesSequentially(TestNG.java:1198)
	at org.testng.TestNG.runSuitesLocally(TestNG.java:1123)
	at org.testng.TestNG.run(TestNG.java:1031)
	at org.testng.remote.AbstractRemoteTestNG.run(AbstractRemoteTestNG.java:114)
	at org.testng.remote.RemoteTestNG.initAndRun(RemoteTestNG.java:251)
	at org.testng.remote.RemoteTestNG.main(RemoteTestNG.java:77)
Caused by: org.openqa.selenium.WebDriverException: java.lang.InterruptedException: Process timed out after waiting for 45000 ms.
Build info: version: '2.45.0', revision: '5017cb8e7ca8e37638dc3091b2440b90a1d8686f', time: '2015-02-27 09:10:26'
System info: host: 'edureka-VirtualBox', ip: '127.0.1.1', os.name: 'Linux', os.arch: 'amd64', os.version: '4.13.0-21-generic', java.version: '1.8.0_171'
Driver info: driver.version: FirefoxDriver
	at org.openqa.selenium.os.CommandLine.waitFor(CommandLine.java:131)
	at org.openqa.selenium.firefox.FirefoxBinary.waitFor(FirefoxBinary.java:222)
	at org.openqa.selenium.firefox.FirefoxBinary.clean(FirefoxBinary.java:242)
	at org.openqa.selenium.firefox.internal.NewProfileExtensionConnection.start(NewProfileExtensionConnection.java:91)
	... 29 more
Caused by: java.lang.InterruptedException: Process timed out after waiting for 45000 ms.
	at org.openqa.selenium.os.UnixProcess.waitFor(UnixProcess.java:148)
	at org.openqa.selenium.os.CommandLine.waitFor(CommandLine.java:129)
	... 32 more
]]>
    </failure>
  </testcase> <!-- testEasy -->
</testsuite> <!-- example.NewTest -->
